<?xml version="1.0" encoding="UTF-8"?>
<testsuite xmlns:xsi="http://www.w3.org/2001/XMLSchema-instance" xsi:noNamespaceSchemaLocation="https://maven.apache.org/surefire/maven-surefire-plugin/xsd/surefire-test-report-3.0.xsd" version="3.0" name="com.example.library.LibraryTest" time="0.093" tests="10" errors="0" skipped="0" failures="0">
  <properties>
[...]
</properties>
  <testcase name="testBookConditionReporting" classname="com.example.library.LibraryTest" time="0.008">
    <system-out><![CDATA[Added book: Brave New World by Aldous Huxley (ISBN: 9780060850524) (3 copies available, 1932)
Added book: 1984 by George Orwell (ISBN: 9780451524935) (2 copies available, 1949)
Added user: Alice
Added user: Bob
Added book: Damaged Book by Author (ISBN: 9789876543210) (1 copies available, 2023)
Damage reported for this copy.
]]></system-out>
  </testcase>
  <testcase name="testAddUser" classname="com.example.library.LibraryTest" time="0.004">
    <system-out><![CDATA[Added book: Brave New World by Aldous Huxley (ISBN: 9780060850524) (3 copies available, 1932)
Added book: 1984 by George Orwell (ISBN: 9780451524935) (2 copies available, 1949)
Added user: Alice
Added user: Bob
Added user: Charlie
]]></system-out>
  </testcase>
  <testcase name="testCheckOverdueBooks" classname="com.example.library.LibraryTest" time="0.013">
    <system-out><![CDATA[Added book: Brave New World by Aldous Huxley (ISBN: 9780060850524) (3 copies available, 1932)
Added book: 1984 by George Orwell (ISBN: 9780451524935) (2 copies available, 1949)
Added user: Alice
Added user: Bob
Added book: Overdue Book by Author (ISBN: 9783333333333) (1 copies available, 2024)
Copy borrowed. Due date: 2024-09-15
Overdue book: Overdue Book, Due Date: 2024-08-22
]]></system-out>
  </testcase>
  <testcase name="testSearchBooksByTitle" classname="com.example.library.LibraryTest" time="0.01">
    <system-out><![CDATA[Added book: Brave New World by Aldous Huxley (ISBN: 9780060850524) (3 copies available, 1932)
Added book: 1984 by George Orwell (ISBN: 9780451524935) (2 copies available, 1949)
Added user: Alice
Added user: Bob
]]></system-out>
  </testcase>
  <testcase name="testDonateBook" classname="com.example.library.LibraryTest" time="0.007">
    <system-out><![CDATA[Added book: Brave New World by Aldous Huxley (ISBN: 9780060850524) (3 copies available, 1932)
Added book: 1984 by George Orwell (ISBN: 9780451524935) (2 copies available, 1949)
Added user: Alice
Added user: Bob
Donated book: Donated Book by Donor (ISBN: 9781234567897) (1 copies available, 2024)
]]></system-out>
  </testcase>
  <testcase name="testMultipleBranches" classname="com.example.library.LibraryTest" time="0.002">
    <system-out><![CDATA[Added book: Brave New World by Aldous Huxley (ISBN: 9780060850524) (3 copies available, 1932)
Added book: 1984 by George Orwell (ISBN: 9780451524935) (2 copies available, 1949)
Added user: Alice
Added user: Bob
Added book: Book Branch 1 by Author (ISBN: 9781111111111) (1 copies available, 2000)
Added book: Book Branch 2 by Author (ISBN: 9782222222222) (1 copies available, 2001)
]]></system-out>
  </testcase>
  <testcase name="testUserActivityLogging" classname="com.example.library.LibraryTest" time="0.005">
    <system-out><![CDATA[Added book: Brave New World by Aldous Huxley (ISBN: 9780060850524) (3 copies available, 1932)
Added book: 1984 by George Orwell (ISBN: 9780451524935) (2 copies available, 1949)
Added user: Alice
Added user: Bob
Copy borrowed. Due date: 2024-09-15
Book borrowed: Brave New World
Copy borrowed. Due date: 2024-09-15
Alice borrowed Brave New World
]]></system-out>
  </testcase>
  <testcase name="testGenerateReport" classname="com.example.library.LibraryTest" time="0.008">
    <system-out><![CDATA[Added book: Brave New World by Aldous Huxley (ISBN: 9780060850524) (3 copies available, 1932)
Added book: 1984 by George Orwell (ISBN: 9780451524935) (2 copies available, 1949)
Added user: Alice
Added user: Bob
Library Report:
Total Books: 2
Available Books: 2
User: Alice | Borrowed Books: 0
User: Bob | Borrowed Books: 0
]]></system-out>
  </testcase>
  <testcase name="testSearchBooksByAuthor" classname="com.example.library.LibraryTest" time="0.003">
    <system-out><![CDATA[Added book: Brave New World by Aldous Huxley (ISBN: 9780060850524) (3 copies available, 1932)
Added book: 1984 by George Orwell (ISBN: 9780451524935) (2 copies available, 1949)
Added user: Alice
Added user: Bob
]]></system-out>
  </testcase>
  <testcase name="testAddDuplicateUser" classname="com.example.library.LibraryTest" time="0.004">
    <system-out><![CDATA[Added book: Brave New World by Aldous Huxley (ISBN: 9780060850524) (3 copies available, 1932)
Added book: 1984 by George Orwell (ISBN: 9780451524935) (2 copies available, 1949)
Added user: Alice
Added user: Bob
User already exists.
]]></system-out>
  </testcase>
</testsuite>