<?xml version="1.0" encoding="UTF-8"?>
<testsuite xmlns:xsi="http://www.w3.org/2001/XMLSchema-instance" xsi:noNamespaceSchemaLocation="https://maven.apache.org/surefire/maven-surefire-plugin/xsd/surefire-test-report-3.0.xsd" version="3.0" name="com.example.library.BookTest" time="0.497" tests="8" errors="0" skipped="0" failures="0">
  <properties>
[...]
</properties>
  <testcase name="testGetReservedCopies" classname="com.example.library.BookTest" time="0.138">
    <system-out><![CDATA[Copy reserved.
Book reserved: Reserved Copies Book
Reserved copies: 1
]]></system-out>
  </testcase>
  <testcase name="testBookCreation" classname="com.example.library.BookTest" time="0.086">
    <system-out><![CDATA[Book created: The Great Gatsby by F. Scott Fitzgerald (ISBN: 9780743273565) (1 copies available, 1925)
]]></system-out>
  </testcase>
  <testcase name="testReturnBook" classname="com.example.library.BookTest" time="0.039">
    <system-out><![CDATA[Copy borrowed. Due date: 2024-09-15
Book borrowed: To Kill a Mockingbird
Copy returned.
Book returned: To Kill a Mockingbird
Book returned: To Kill a Mockingbird by Harper Lee (ISBN: 9780060935467) (1 copies available, 1960)
]]></system-out>
  </testcase>
  <testcase name="testReserve" classname="com.example.library.BookTest" time="0.005">
    <system-out><![CDATA[Copy reserved.
Book reserved: Reserved Book
Book reserved: Reserved Book by Author (ISBN: 123456789) (0 copies available, 2021)
]]></system-out>
  </testcase>
  <testcase name="testBorrowBook" classname="com.example.library.BookTest" time="0.008">
    <system-out><![CDATA[Copy borrowed. Due date: 2024-09-15
Book borrowed: 1984
Book borrowed: 1984 by George Orwell (ISBN: 9780451524935) (0 copies available, 1949)
]]></system-out>
  </testcase>
  <testcase name="testReportDamage" classname="com.example.library.BookTest" time="0.005">
    <system-out><![CDATA[Damage reported for this copy.
Damage reported for: Moby Dick by Herman Melville (ISBN: 9781503280786) (1 copies available, 1851)
]]></system-out>
  </testcase>
  <testcase name="testCancelReservation" classname="com.example.library.BookTest" time="0.02">
    <system-out><![CDATA[Copy reserved.
Book reserved: Book to Cancel Reservation
Reservation cancelled.
Reservation canceled for: Book to Cancel Reservation by Author (ISBN: 987654321) (1 copies available, 2021)
]]></system-out>
  </testcase>
  <testcase name="testGetAvailableCopies" classname="com.example.library.BookTest" time="0.007">
    <system-out><![CDATA[Available copies: 3
]]></system-out>
  </testcase>
</testsuite>